2019-11-27T13:04:38.8300964+00:00;VSTestExecutionThread;Info;SpecFlow+Runner execution started
2019-11-27T13:04:38.8300964+00:00;VSTestExecutionThread;Info;SpecFlow+Runner 3.1.36 in Framework clr40 in x86 mode execution started
2019-11-27T13:04:38.8300964+00:00;VSTestExecutionThread;Info;TestAdapter Location: C:\Users\chris\source\repos\SwordActiveRisk\SwordActiveRisk\SwordActiveRisk_BlogVerification\bin\Debug\TechTalk.SpecRun.VisualStudio.TestAdapter.dll
2019-11-27T13:04:39.0049954+00:00;VSTestExecutionThread;Info;SpecRun: running tests in C:\Users\chris\source\repos\SwordActiveRisk\SwordActiveRisk\SwordActiveRisk_BlogVerification\bin\Debug\SwordActiveRisk_BlogVerification.dll
2019-11-27T13:04:39.0049954+00:00;VSTestExecutionThread;Info;Output folder configured to "C:\Users\chris\source\repos\SwordActiveRisk\SwordActiveRisk\TestResults" (default)
2019-11-27T13:04:39.0049954+00:00;VSTestExecutionThread;Info;Profile: SwordActiveRisk_BlogVerification
2019-11-27T13:04:39.0489709+00:00;VSTestExecutionThread;Info;Log file path: C:\Users\chris\source\repos\SwordActiveRisk\SwordActiveRisk\TestResults\SwordActiveRisk_BlogVerification_SwordActiveRisk_BlogVerification_2019-11-27T130439.log
2019-11-27T13:04:39.0729560+00:00;VSTestExecutionThread;Info;SpecFlow+Runner Evaluation Mode: Please purchase at http://www.specflow.org/plus to remove test execution delay.
2019-11-27T13:04:39.0859488+00:00;Thread#13;Info;Checking license
2019-11-27T13:04:39.1089367+00:00;Thread#13;Info;Evaluation mode: test execution starts in 7 seconds... (this delay is removed in the registered version)
2019-11-27T13:04:46.1101854+00:00;Thread#13;Info;Evaluation delay finished.
2019-11-27T13:04:46.1161827+00:00;Thread#13;Info;License check completed
2019-11-27T13:04:46.1161827+00:00;Thread#13;Info;starting test run
2019-11-27T13:04:46.1301758+00:00;Thread#13;Info;Discovering target: Default
2019-11-27T13:04:46.1301758+00:00;Thread#13;Info;Discovering tests from assembly: C:\Users\chris\source\repos\SwordActiveRisk\SwordActiveRisk\SwordActiveRisk_BlogVerification\bin\Debug\SwordActiveRisk_BlogVerification.dll
2019-11-27T13:04:46.5649238+00:00;Thread#13;Info;Discovered tests from assembly: C:\Users\chris\source\repos\SwordActiveRisk\SwordActiveRisk\SwordActiveRisk_BlogVerification\bin\Debug\SwordActiveRisk_BlogVerification.dll
2019-11-27T13:04:46.5659236+00:00:Test Suite Dump
2019-11-27T13:04:46.5679247+00:00:#0: SwordActiveRisk_BlogVerification/SwordActiveRisk_BlogVerification - 
2019-11-27T13:04:46.5679247+00:00:#1: Default - 
2019-11-27T13:04:46.5679247+00:00:#2: SwordActiveRisk_BlogVerification - 
2019-11-27T13:04:46.5679247+00:00:#3: SwordActiveRisk_BlogVerification - 
2019-11-27T13:04:46.6328859+00:00:#4: Validate the correct number of blog posts are shown for each blog post by date, February 2017 - TestAssembly:SwordActiveRisk_BlogVerification/Feature:SwordActiveRisk_BlogVerification/Scenario:Validate+the+correct+number+of+blog+posts+are+shown+for+each+blog+post+by+date%2c+February+2017
2019-11-27T13:04:46.6328859+00:00:#5: Validate the correct number of blog posts are shown for each blog post by date, January 2017 - TestAssembly:SwordActiveRisk_BlogVerification/Feature:SwordActiveRisk_BlogVerification/Scenario:Validate+the+correct+number+of+blog+posts+are+shown+for+each+blog+post+by+date%2c+January+2017
2019-11-27T13:04:46.6328859+00:00:End: Test Suite Dump
2019-11-27T13:04:46.6808577+00:00:Thread#0:Scheduler: get next test for thread 0
2019-11-27T13:04:46.6828585+00:00:Thread#:Scheduler: testitem #4 from normal test queue 
2019-11-27T13:04:46.6838567+00:00:Thread#0:Scheduler: considering testitem #4 for thread 0
2019-11-27T13:04:46.6878532+00:00:Thread#0:TestItem#4:testItemMatchesCurrentTestThread:UnSpecific
2019-11-27T13:04:46.6878532+00:00:Thread#0:TestItem#4:runsOnOneOtherThreadSpecific:False
2019-11-27T13:04:46.6878532+00:00:Thread#0:TestItem#4:runsOnOneOtherThreadUnspecific:False
2019-11-27T13:04:46.6878532+00:00:Thread#0:Scheduler: using testitem #4 for thread 0
2019-11-27T13:04:46.6888534+00:00:Thread#0:Scheduler: Test #4 is scheduled for thread
2019-11-27T13:04:46.6908534+00:00:Thread#0:Scheduler: with testItemExecutionIndex 0
2019-11-27T13:04:46.6938507+00:00:Thread #0: creating new test thread executor for SwordActiveRisk_BlogVerification, Version=1.0.0.0, Culture=neutral, PublicKeyToken=null (target: Default)
2019-11-27T13:04:46.6958496+00:00:Thread #0: Creating test assembly executor for execution model AppDomain
2019-11-27T13:04:46.7228342+00:00:Thread #0: Creating test assembly executor for execution model AppDomain
2019-11-27T13:04:46.7248331+00:00:Thread #0: using TechTalk.SpecRun.Framework.Execution.InProcess.InProcAppDomainTestAssemblyExecutorHost to execute tests
2019-11-27T13:04:46.8747513+00:00:Thread#0: Test #4/0 is started on thread #0
2019-11-27T13:04:47.1395953+00:00:Thread#0:T:-> Loading plugin C:\Users\chris\source\repos\SwordActiveRisk\SwordActiveRisk\SwordActiveRisk_BlogVerification\bin\Debug\SpecRun.Runtime.SpecFlowPlugin.dll
2019-11-27T13:04:47.1735763+00:00:Thread#0:T:-> Using default config
2019-11-27T13:05:04.6447627+00:00:Thread#0:B:Given User is at "blog" page of SwordActiveRisk portal
2019-11-27T13:05:09.8953883+00:00:Thread#0:T:done: CommonSteps.GivenUserIsAtBlogPageOfSwordActiveRiskPortal(""blog"") (5.2s)
2019-11-27T13:05:09.9013860+00:00:Thread#0:B:When the user is on the Active Risk Blog Page
2019-11-27T13:05:10.9647776+00:00:Thread#0:T:done: BlogVerificationSteps.WhenTheUserIsOnTheActiveRiskBlogPage() (1.1s)
2019-11-27T13:05:10.9657778+00:00:Thread#0:B:Then the Blog posts By Date are displayed
2019-11-27T13:05:11.0157470+00:00:Thread#0:T:done: BlogVerificationSteps.ThenTheBlogPostsByDateAreDisplayed() (0.0s)
2019-11-27T13:05:11.0157470+00:00:Thread#0:B:When the user clicks on Blog post by date 'February 2017'
2019-11-27T13:05:13.2997605+00:00:Thread#0:T:done: BlogVerificationSteps.WhenTheUserClicksOnBlogPostByDate("February 2017") (2.3s)
2019-11-27T13:05:13.2997605+00:00:Thread#0:B:Then the active risk blog opens in a new tab
2019-11-27T13:05:21.7343661+00:00:Thread#0:T:done: BlogVerificationSteps.ThenTheActiveRiskBlogOpensInANewTab() (8.4s)
2019-11-27T13:05:21.7353647+00:00:Thread#0:B:And the list of articles are present in The Active Risk Blog
2019-11-27T13:05:21.7393590+00:00:Thread#0:T:done: BlogVerificationSteps.ThenTheListOfArticlesArePresentInTheActiveRiskBlog() (0.0s)
2019-11-27T13:05:21.7403593+00:00:Thread#0:B:And the Number of Blogs posted match the referenced numbers '2'
2019-11-27T13:05:21.7493551+00:00:Thread#0:T:done: BlogVerificationSteps.ThenTheNumberOfBlogsPostedMatchTheReferencedNumbers("2") (0.0s)
2019-11-27T13:05:21.7493551+00:00:Thread#0:B:And the user is on Active Risk Blog homepage
2019-11-27T13:05:21.8203164+00:00:Thread#0:T:done: BlogVerificationSteps.ThenTheUserIsOnActiveRiskBlogHomepage() (0.1s)
2019-11-27T13:05:21.8363030+00:00:Thread#0:Scheduler: get next test for thread 0
2019-11-27T13:05:21.8363030+00:00:Thread#:Scheduler: testitem #5 from normal test queue 
2019-11-27T13:05:21.8363030+00:00:Thread#0:Scheduler: considering testitem #5 for thread 0
2019-11-27T13:05:21.8363030+00:00:Thread#0:TestItem#5:testItemMatchesCurrentTestThread:UnSpecific
2019-11-27T13:05:21.8363030+00:00:Thread#0:TestItem#5:runsOnOneOtherThreadSpecific:False
2019-11-27T13:05:21.8363030+00:00:Thread#0:TestItem#5:runsOnOneOtherThreadUnspecific:False
2019-11-27T13:05:21.8363030+00:00:Thread#0:Scheduler: using testitem #5 for thread 0
2019-11-27T13:05:21.8363030+00:00:Thread#0:Scheduler: Test #5 is scheduled for thread
2019-11-27T13:05:21.8363030+00:00:Thread#0:Scheduler: with testItemExecutionIndex 0
2019-11-27T13:05:21.8522939+00:00:Thread#0: Test #4/0 is finished on thread #0 as Succeeded within 34.9775426 seconds
2019-11-27T13:05:21.8542940+00:00:Thread#0: Test #5/0 is started on thread #0
2019-11-27T13:05:21.8552924+00:00:Thread#0:B:Given User is at "blog" page of SwordActiveRisk portal
2019-11-27T13:05:26.4849885+00:00:Thread#0:T:done: CommonSteps.GivenUserIsAtBlogPageOfSwordActiveRiskPortal(""blog"") (4.6s)
2019-11-27T13:05:26.4859878+00:00:Thread#0:B:When the user is on the Active Risk Blog Page
2019-11-27T13:05:26.5159704+00:00:Thread#0:T:done: BlogVerificationSteps.WhenTheUserIsOnTheActiveRiskBlogPage() (0.0s)
2019-11-27T13:05:26.5169705+00:00:Thread#0:B:Then the Blog posts By Date are displayed
2019-11-27T13:05:26.7978098+00:00:Thread#0:T:done: BlogVerificationSteps.ThenTheBlogPostsByDateAreDisplayed() (0.3s)
2019-11-27T13:05:26.7978098+00:00:Thread#0:B:When the user clicks on Blog post by date 'January 2017'
2019-11-27T13:05:29.4198050+00:00:Thread#0:T:done: BlogVerificationSteps.WhenTheUserClicksOnBlogPostByDate("January 2017") (2.6s)
2019-11-27T13:05:29.4198050+00:00:Thread#0:B:Then the active risk blog opens in a new tab
2019-11-27T13:05:37.7897517+00:00:Thread#0:T:done: BlogVerificationSteps.ThenTheActiveRiskBlogOpensInANewTab() (8.4s)
2019-11-27T13:05:37.7897517+00:00:Thread#0:B:And the list of articles are present in The Active Risk Blog
2019-11-27T13:05:37.7917482+00:00:Thread#0:T:done: BlogVerificationSteps.ThenTheListOfArticlesArePresentInTheActiveRiskBlog() (0.0s)
2019-11-27T13:05:37.7917482+00:00:Thread#0:B:And the Number of Blogs posted match the referenced numbers '5'
2019-11-27T13:05:37.9410831+00:00:Thread#0:T:Number of articles are not matching with Expected Result
2019-11-27T13:05:37.9410831+00:00:Thread#0:T:done: BlogVerificationSteps.ThenTheNumberOfBlogsPostedMatchTheReferencedNumbers("5") (0.1s)
2019-11-27T13:05:37.9410831+00:00:Thread#0:B:And the user is on Active Risk Blog homepage
2019-11-27T13:05:38.0120431+00:00:Thread#0:T:done: BlogVerificationSteps.ThenTheUserIsOnActiveRiskBlogHomepage() (0.1s)
2019-11-27T13:05:38.0120431+00:00:Thread#0:Scheduler: get next test for thread 0
2019-11-27T13:05:38.0120431+00:00:Thread#:Scheduler: at the end of normal test queue
2019-11-27T13:05:38.0120431+00:00:Thread#0:Scheduler: enumerator for thread is at end
2019-11-27T13:05:38.0120431+00:00:Thread#0:Scheduler: No more tests for thread
2019-11-27T13:06:03.6417195+00:00:Thread#0: Test #5/0 is finished on thread #0 as Succeeded within 41.7874255 seconds
2019-11-27T13:06:03.7156777+00:00:Trying to cancel thread
2019-11-27T13:06:03.7156777+00:00:Thread cancelled
2019-11-27T13:06:03.7286701+00:00:Thread#-1:Scheduler: get next test for thread -1
2019-11-27T13:06:03.7286701+00:00:Thread#:Scheduler: at the end of normal test queue
2019-11-27T13:06:03.7286701+00:00:Thread#-1:Scheduler: enumerator for thread is at end
2019-11-27T13:06:03.7316686+00:00;Thread#13;Info;test run finished
2019-11-27T13:06:03.7326678+00:00;Thread#13;Info;publishing test results
2019-11-27T13:06:03.7856376+00:00;Thread#13;Info;test results published
2019-11-27T13:06:03.7856376+00:00;Thread#13;Info;generating reports
2019-11-27T13:06:03.9205614+00:00;Thread#13;Info;Starting external report generation process
2019-11-27T13:06:04.8856879+00:00;Thread#13;Error;Could not generate test run result reports. An error occurred in the generator.
2019-11-27T13:06:04.8856879+00:00;Thread#13;Error;External program returned exit code '-1'
2019-11-27T13:06:04.8866858+00:00;Thread#13;Info;Failed generating reports
2019-11-27T13:06:04.8966802+00:00:Total: 2
2019-11-27T13:06:04.8986778+00:00:Succeeded: 2
2019-11-27T13:06:04.8996773+00:00:Ignored: 0
2019-11-27T13:06:04.8996773+00:00:Pending: 0
2019-11-27T13:06:04.8996773+00:00:Skipped: 0
2019-11-27T13:06:04.9006765+00:00:Failed: 0
2019-11-27T13:06:04.9126706+00:00;VSTestExecutionThread;Info;Adding attachments to VSTest
========== End of log file ==========
