2019-11-27T13:37:03.6484435+00:00;VSTestExecutionThread;Info;SpecFlow+Runner execution started
2019-11-27T13:37:03.6484435+00:00;VSTestExecutionThread;Info;SpecFlow+Runner 3.1.36 in Framework clr40 in x86 mode execution started
2019-11-27T13:37:03.6484435+00:00;VSTestExecutionThread;Info;TestAdapter Location: C:\Users\chris\source\repos\SwordActiveRisk\SwordActiveRisk\SwordActiveRisk_BlogVerification\bin\Debug\TechTalk.SpecRun.VisualStudio.TestAdapter.dll
2019-11-27T13:37:04.1721911+00:00;VSTestExecutionThread;Info;SpecRun: running tests in C:\Users\chris\source\repos\SwordActiveRisk\SwordActiveRisk\SwordActiveRisk_BlogVerification\bin\Debug\SwordActiveRisk_BlogVerification.dll
2019-11-27T13:37:04.1731896+00:00;VSTestExecutionThread;Info;Output folder configured to "C:\Users\chris\source\repos\SwordActiveRisk\SwordActiveRisk\TestResults" (default)
2019-11-27T13:37:04.1731896+00:00;VSTestExecutionThread;Info;Profile: SwordActiveRisk_BlogVerification
2019-11-27T13:37:04.2001748+00:00;VSTestExecutionThread;Info;Log file path: C:\Users\chris\source\repos\SwordActiveRisk\SwordActiveRisk\TestResults\SwordActiveRisk_BlogVerification_SwordActiveRisk_BlogVerification_2019-11-27T133704.log
2019-11-27T13:37:04.2131691+00:00;VSTestExecutionThread;Info;SpecFlow+Runner Evaluation Mode: Please purchase at http://www.specflow.org/plus to remove test execution delay.
2019-11-27T13:37:04.2221621+00:00;Thread#13;Info;Checking license
2019-11-27T13:37:04.2431535+00:00;Thread#13;Info;Evaluation mode: test execution starts in 13 seconds... (this delay is removed in the registered version)
2019-11-27T13:37:17.2438245+00:00;Thread#13;Info;Evaluation delay finished.
2019-11-27T13:37:17.2537423+00:00;Thread#13;Info;License check completed
2019-11-27T13:37:17.2547426+00:00;Thread#13;Info;starting test run
2019-11-27T13:37:17.2717317+00:00;Thread#13;Info;Discovering target: Default
2019-11-27T13:37:17.2717317+00:00;Thread#13;Info;Discovering tests from assembly: C:\Users\chris\source\repos\SwordActiveRisk\SwordActiveRisk\SwordActiveRisk_BlogVerification\bin\Debug\SwordActiveRisk_BlogVerification.dll
2019-11-27T13:37:17.7144783+00:00;Thread#13;Info;Discovered tests from assembly: C:\Users\chris\source\repos\SwordActiveRisk\SwordActiveRisk\SwordActiveRisk_BlogVerification\bin\Debug\SwordActiveRisk_BlogVerification.dll
2019-11-27T13:37:17.7164778+00:00:Test Suite Dump
2019-11-27T13:37:17.7184766+00:00:#0: SwordActiveRisk_BlogVerification/SwordActiveRisk_BlogVerification - 
2019-11-27T13:37:17.7184766+00:00:#1: Default - 
2019-11-27T13:37:17.7184766+00:00:#2: SwordActiveRisk_BlogVerification - 
2019-11-27T13:37:17.7184766+00:00:#3: SwordActiveRisk_BlogVerification - 
2019-11-27T13:37:17.7634498+00:00:#4: Validate the correct number of blog posts are shown for each blog post by date, February 2017 - TestAssembly:SwordActiveRisk_BlogVerification/Feature:SwordActiveRisk_BlogVerification/Scenario:Validate+the+correct+number+of+blog+posts+are+shown+for+each+blog+post+by+date%2c+February+2017
2019-11-27T13:37:17.7634498+00:00:#5: Validate the correct number of blog posts are shown for each blog post by date, January 2017 - TestAssembly:SwordActiveRisk_BlogVerification/Feature:SwordActiveRisk_BlogVerification/Scenario:Validate+the+correct+number+of+blog+posts+are+shown+for+each+blog+post+by+date%2c+January+2017
2019-11-27T13:37:17.7634498+00:00:#6: Validate the correct number of blog posts are shown for each blog post by date, December 2016 - TestAssembly:SwordActiveRisk_BlogVerification/Feature:SwordActiveRisk_BlogVerification/Scenario:Validate+the+correct+number+of+blog+posts+are+shown+for+each+blog+post+by+date%2c+December+2016
2019-11-27T13:37:17.7634498+00:00:#7: Validate the correct number of blog posts are shown for each blog post by date, November 2016 - TestAssembly:SwordActiveRisk_BlogVerification/Feature:SwordActiveRisk_BlogVerification/Scenario:Validate+the+correct+number+of+blog+posts+are+shown+for+each+blog+post+by+date%2c+November+2016
2019-11-27T13:37:17.7634498+00:00:#8: Validate the correct number of blog posts are shown for each blog post by date, October 2016 - TestAssembly:SwordActiveRisk_BlogVerification/Feature:SwordActiveRisk_BlogVerification/Scenario:Validate+the+correct+number+of+blog+posts+are+shown+for+each+blog+post+by+date%2c+October+2016
2019-11-27T13:37:17.7634498+00:00:#9: Validate the correct number of blog posts are shown for each blog post by date, September 2016 - TestAssembly:SwordActiveRisk_BlogVerification/Feature:SwordActiveRisk_BlogVerification/Scenario:Validate+the+correct+number+of+blog+posts+are+shown+for+each+blog+post+by+date%2c+September+2016
2019-11-27T13:37:17.7634498+00:00:#10: Validate the correct number of blog posts are shown for each blog post by date, August 2016 - TestAssembly:SwordActiveRisk_BlogVerification/Feature:SwordActiveRisk_BlogVerification/Scenario:Validate+the+correct+number+of+blog+posts+are+shown+for+each+blog+post+by+date%2c+August+2016
2019-11-27T13:37:17.7634498+00:00:#11: Validate the correct number of blog posts are shown for each blog post by date, July 2016 - TestAssembly:SwordActiveRisk_BlogVerification/Feature:SwordActiveRisk_BlogVerification/Scenario:Validate+the+correct+number+of+blog+posts+are+shown+for+each+blog+post+by+date%2c+July+2016
2019-11-27T13:37:17.7634498+00:00:#12: Validate the correct number of blog posts are shown for each blog post by date, June 2016 - TestAssembly:SwordActiveRisk_BlogVerification/Feature:SwordActiveRisk_BlogVerification/Scenario:Validate+the+correct+number+of+blog+posts+are+shown+for+each+blog+post+by+date%2c+June+2016
2019-11-27T13:37:17.7634498+00:00:#13: Validate the correct number of blog posts are shown for each blog post by date, March 2016 - TestAssembly:SwordActiveRisk_BlogVerification/Feature:SwordActiveRisk_BlogVerification/Scenario:Validate+the+correct+number+of+blog+posts+are+shown+for+each+blog+post+by+date%2c+March+2016
2019-11-27T13:37:17.7634498+00:00:#14: Validate the correct number of blog posts are shown for each blog post by date, January 2016 - TestAssembly:SwordActiveRisk_BlogVerification/Feature:SwordActiveRisk_BlogVerification/Scenario:Validate+the+correct+number+of+blog+posts+are+shown+for+each+blog+post+by+date%2c+January+2016
2019-11-27T13:37:17.7634498+00:00:#15: Validate the correct number of blog posts are shown for each blog post by date, November 2015 - TestAssembly:SwordActiveRisk_BlogVerification/Feature:SwordActiveRisk_BlogVerification/Scenario:Validate+the+correct+number+of+blog+posts+are+shown+for+each+blog+post+by+date%2c+November+2015
2019-11-27T13:37:17.7634498+00:00:#16: Validate the correct number of blog posts are shown for each blog post by date, October 2015 - TestAssembly:SwordActiveRisk_BlogVerification/Feature:SwordActiveRisk_BlogVerification/Scenario:Validate+the+correct+number+of+blog+posts+are+shown+for+each+blog+post+by+date%2c+October+2015
2019-11-27T13:37:17.7634498+00:00:#17: Validate the correct number of blog posts are shown for each blog post by date, September 2015 - TestAssembly:SwordActiveRisk_BlogVerification/Feature:SwordActiveRisk_BlogVerification/Scenario:Validate+the+correct+number+of+blog+posts+are+shown+for+each+blog+post+by+date%2c+September+2015
2019-11-27T13:37:17.7634498+00:00:#18: Validate the correct number of blog posts are shown for each blog post by date, August 2015 - TestAssembly:SwordActiveRisk_BlogVerification/Feature:SwordActiveRisk_BlogVerification/Scenario:Validate+the+correct+number+of+blog+posts+are+shown+for+each+blog+post+by+date%2c+August+2015
2019-11-27T13:37:17.7634498+00:00:#19: Validate the correct number of blog posts are shown for each blog post by date, July 2015 - TestAssembly:SwordActiveRisk_BlogVerification/Feature:SwordActiveRisk_BlogVerification/Scenario:Validate+the+correct+number+of+blog+posts+are+shown+for+each+blog+post+by+date%2c+July+2015
2019-11-27T13:37:17.7634498+00:00:#20: Validate the correct number of blog posts are shown for each blog post by date, April 2015 - TestAssembly:SwordActiveRisk_BlogVerification/Feature:SwordActiveRisk_BlogVerification/Scenario:Validate+the+correct+number+of+blog+posts+are+shown+for+each+blog+post+by+date%2c+April+2015
2019-11-27T13:37:17.7634498+00:00:#21: Validate the correct number of blog posts are shown for each blog post by date, March 2015 - TestAssembly:SwordActiveRisk_BlogVerification/Feature:SwordActiveRisk_BlogVerification/Scenario:Validate+the+correct+number+of+blog+posts+are+shown+for+each+blog+post+by+date%2c+March+2015
2019-11-27T13:37:17.7634498+00:00:#22: Validate the correct number of blog posts are shown for each blog post by date, February 2015 - TestAssembly:SwordActiveRisk_BlogVerification/Feature:SwordActiveRisk_BlogVerification/Scenario:Validate+the+correct+number+of+blog+posts+are+shown+for+each+blog+post+by+date%2c+February+2015
2019-11-27T13:37:17.7634498+00:00:#23: Validate the correct number of blog posts are shown for each blog post by date, December 2014 - TestAssembly:SwordActiveRisk_BlogVerification/Feature:SwordActiveRisk_BlogVerification/Scenario:Validate+the+correct+number+of+blog+posts+are+shown+for+each+blog+post+by+date%2c+December+2014
2019-11-27T13:37:17.7634498+00:00:#24: Validate the correct number of blog posts are shown for each blog post by date, October 2014 - TestAssembly:SwordActiveRisk_BlogVerification/Feature:SwordActiveRisk_BlogVerification/Scenario:Validate+the+correct+number+of+blog+posts+are+shown+for+each+blog+post+by+date%2c+October+2014
2019-11-27T13:37:17.7634498+00:00:#25: Validate the correct number of blog posts are shown for each blog post by date, September 2014 - TestAssembly:SwordActiveRisk_BlogVerification/Feature:SwordActiveRisk_BlogVerification/Scenario:Validate+the+correct+number+of+blog+posts+are+shown+for+each+blog+post+by+date%2c+September+2014
2019-11-27T13:37:17.7634498+00:00:#26: Validate the correct number of blog posts are shown for each blog post by date, August 2014 - TestAssembly:SwordActiveRisk_BlogVerification/Feature:SwordActiveRisk_BlogVerification/Scenario:Validate+the+correct+number+of+blog+posts+are+shown+for+each+blog+post+by+date%2c+August+2014
2019-11-27T13:37:17.7634498+00:00:#27: Validate the correct number of blog posts are shown for each blog post by date, April 2014 - TestAssembly:SwordActiveRisk_BlogVerification/Feature:SwordActiveRisk_BlogVerification/Scenario:Validate+the+correct+number+of+blog+posts+are+shown+for+each+blog+post+by+date%2c+April+2014
2019-11-27T13:37:17.7634498+00:00:#28: Validate the correct number of blog posts are shown for each blog post by date, March 2014 - TestAssembly:SwordActiveRisk_BlogVerification/Feature:SwordActiveRisk_BlogVerification/Scenario:Validate+the+correct+number+of+blog+posts+are+shown+for+each+blog+post+by+date%2c+March+2014
2019-11-27T13:37:17.7634498+00:00:#29: Validate the correct number of blog posts are shown for each blog post by date, February 2014 - TestAssembly:SwordActiveRisk_BlogVerification/Feature:SwordActiveRisk_BlogVerification/Scenario:Validate+the+correct+number+of+blog+posts+are+shown+for+each+blog+post+by+date%2c+February+2014
2019-11-27T13:37:17.7644499+00:00:#30: Validate the correct number of blog posts are shown for each blog post by date, August 2013 - TestAssembly:SwordActiveRisk_BlogVerification/Feature:SwordActiveRisk_BlogVerification/Scenario:Validate+the+correct+number+of+blog+posts+are+shown+for+each+blog+post+by+date%2c+August+2013
2019-11-27T13:37:17.7644499+00:00:#31: Validate the correct number of blog posts are shown for each blog post by date, July 2013 - TestAssembly:SwordActiveRisk_BlogVerification/Feature:SwordActiveRisk_BlogVerification/Scenario:Validate+the+correct+number+of+blog+posts+are+shown+for+each+blog+post+by+date%2c+July+2013
2019-11-27T13:37:17.7644499+00:00:#32: Validate the correct number of blog posts are shown for each blog post by date, June 2013 - TestAssembly:SwordActiveRisk_BlogVerification/Feature:SwordActiveRisk_BlogVerification/Scenario:Validate+the+correct+number+of+blog+posts+are+shown+for+each+blog+post+by+date%2c+June+2013
2019-11-27T13:37:17.7644499+00:00:#33: Validate the correct number of blog posts are shown for each blog post by date, April 2013 - TestAssembly:SwordActiveRisk_BlogVerification/Feature:SwordActiveRisk_BlogVerification/Scenario:Validate+the+correct+number+of+blog+posts+are+shown+for+each+blog+post+by+date%2c+April+2013
2019-11-27T13:37:17.7644499+00:00:#34: Validate the correct number of blog posts are shown for each blog post by date, March 2013 - TestAssembly:SwordActiveRisk_BlogVerification/Feature:SwordActiveRisk_BlogVerification/Scenario:Validate+the+correct+number+of+blog+posts+are+shown+for+each+blog+post+by+date%2c+March+2013
2019-11-27T13:37:17.7644499+00:00:#35: Validate the correct number of blog posts are shown for each blog post by date, February 2013 - TestAssembly:SwordActiveRisk_BlogVerification/Feature:SwordActiveRisk_BlogVerification/Scenario:Validate+the+correct+number+of+blog+posts+are+shown+for+each+blog+post+by+date%2c+February+2013
2019-11-27T13:37:17.7644499+00:00:#36: Validate the correct number of blog posts are shown for each blog post by date, January 2013 - TestAssembly:SwordActiveRisk_BlogVerification/Feature:SwordActiveRisk_BlogVerification/Scenario:Validate+the+correct+number+of+blog+posts+are+shown+for+each+blog+post+by+date%2c+January+2013
2019-11-27T13:37:17.7644499+00:00:#37: Validate the correct number of blog posts are shown for each blog post by date, December 2012 - TestAssembly:SwordActiveRisk_BlogVerification/Feature:SwordActiveRisk_BlogVerification/Scenario:Validate+the+correct+number+of+blog+posts+are+shown+for+each+blog+post+by+date%2c+December+2012
2019-11-27T13:37:17.7644499+00:00:#38: Validate the correct number of blog posts are shown for each blog post by date, November 2012 - TestAssembly:SwordActiveRisk_BlogVerification/Feature:SwordActiveRisk_BlogVerification/Scenario:Validate+the+correct+number+of+blog+posts+are+shown+for+each+blog+post+by+date%2c+November+2012
2019-11-27T13:37:17.7644499+00:00:#39: Validate the correct number of blog posts are shown for each blog post by date, October 2012 - TestAssembly:SwordActiveRisk_BlogVerification/Feature:SwordActiveRisk_BlogVerification/Scenario:Validate+the+correct+number+of+blog+posts+are+shown+for+each+blog+post+by+date%2c+October+2012
2019-11-27T13:37:17.7644499+00:00:#40: Validate the correct number of blog posts are shown for each blog post by date, September 2012 - TestAssembly:SwordActiveRisk_BlogVerification/Feature:SwordActiveRisk_BlogVerification/Scenario:Validate+the+correct+number+of+blog+posts+are+shown+for+each+blog+post+by+date%2c+September+2012
2019-11-27T13:37:17.7644499+00:00:#41: Validate the correct number of blog posts are shown for each blog post by date, August 2012 - TestAssembly:SwordActiveRisk_BlogVerification/Feature:SwordActiveRisk_BlogVerification/Scenario:Validate+the+correct+number+of+blog+posts+are+shown+for+each+blog+post+by+date%2c+August+2012
2019-11-27T13:37:17.7644499+00:00:#42: Validate the correct number of blog posts are shown for each blog post by date, July 2012 - TestAssembly:SwordActiveRisk_BlogVerification/Feature:SwordActiveRisk_BlogVerification/Scenario:Validate+the+correct+number+of+blog+posts+are+shown+for+each+blog+post+by+date%2c+July+2012
2019-11-27T13:37:17.7644499+00:00:#43: Validate the correct number of blog posts are shown for each blog post by date, June 2012 - TestAssembly:SwordActiveRisk_BlogVerification/Feature:SwordActiveRisk_BlogVerification/Scenario:Validate+the+correct+number+of+blog+posts+are+shown+for+each+blog+post+by+date%2c+June+2012
2019-11-27T13:37:17.7644499+00:00:#44: Validate the correct number of blog posts are shown for each blog post by date, May 2012 - TestAssembly:SwordActiveRisk_BlogVerification/Feature:SwordActiveRisk_BlogVerification/Scenario:Validate+the+correct+number+of+blog+posts+are+shown+for+each+blog+post+by+date%2c+May+2012
2019-11-27T13:37:17.7644499+00:00:#45: Validate the correct number of blog posts are shown for each blog post by date, April 2012 - TestAssembly:SwordActiveRisk_BlogVerification/Feature:SwordActiveRisk_BlogVerification/Scenario:Validate+the+correct+number+of+blog+posts+are+shown+for+each+blog+post+by+date%2c+April+2012
2019-11-27T13:37:17.7644499+00:00:#46: Validate the correct number of blog posts are shown for each blog post by date, March 2012 - TestAssembly:SwordActiveRisk_BlogVerification/Feature:SwordActiveRisk_BlogVerification/Scenario:Validate+the+correct+number+of+blog+posts+are+shown+for+each+blog+post+by+date%2c+March+2012
2019-11-27T13:37:17.7644499+00:00:#47: Validate the correct number of blog posts are shown for each blog post by date, February 2012 - TestAssembly:SwordActiveRisk_BlogVerification/Feature:SwordActiveRisk_BlogVerification/Scenario:Validate+the+correct+number+of+blog+posts+are+shown+for+each+blog+post+by+date%2c+February+2012
2019-11-27T13:37:17.7644499+00:00:#48: Validate the correct number of blog posts are shown for each blog post by date, January 2012 - TestAssembly:SwordActiveRisk_BlogVerification/Feature:SwordActiveRisk_BlogVerification/Scenario:Validate+the+correct+number+of+blog+posts+are+shown+for+each+blog+post+by+date%2c+January+2012
2019-11-27T13:37:17.7644499+00:00:#49: Validate the correct number of blog posts are shown for each blog post by date, December 2011 - TestAssembly:SwordActiveRisk_BlogVerification/Feature:SwordActiveRisk_BlogVerification/Scenario:Validate+the+correct+number+of+blog+posts+are+shown+for+each+blog+post+by+date%2c+December+2011
2019-11-27T13:37:17.7644499+00:00:End: Test Suite Dump
2019-11-27T13:37:17.7944320+00:00:Thread#0:Scheduler: get next test for thread 0
2019-11-27T13:37:17.7964312+00:00:Thread#:Scheduler: testitem #4 from normal test queue 
2019-11-27T13:37:17.7964312+00:00:Thread#0:Scheduler: considering testitem #4 for thread 0
2019-11-27T13:37:17.8014302+00:00:Thread#0:TestItem#4:testItemMatchesCurrentTestThread:UnSpecific
2019-11-27T13:37:17.8014302+00:00:Thread#0:TestItem#4:runsOnOneOtherThreadSpecific:False
2019-11-27T13:37:17.8014302+00:00:Thread#0:TestItem#4:runsOnOneOtherThreadUnspecific:False
2019-11-27T13:37:17.8014302+00:00:Thread#0:Scheduler: using testitem #4 for thread 0
2019-11-27T13:37:17.8034305+00:00:Thread#0:Scheduler: Test #4 is scheduled for thread
2019-11-27T13:37:17.8044280+00:00:Thread#0:Scheduler: with testItemExecutionIndex 0
2019-11-27T13:37:17.8084242+00:00:Thread #0: creating new test thread executor for SwordActiveRisk_BlogVerification, Version=1.0.0.0, Culture=neutral, PublicKeyToken=null (target: Default)
2019-11-27T13:37:17.8104236+00:00:Thread #0: Creating test assembly executor for execution model AppDomain
2019-11-27T13:37:17.8494017+00:00:Thread #0: Creating test assembly executor for execution model AppDomain
2019-11-27T13:37:17.8514003+00:00:Thread #0: using TechTalk.SpecRun.Framework.Execution.InProcess.InProcAppDomainTestAssemblyExecutorHost to execute tests
2019-11-27T13:37:18.0043535+00:00:Thread#0: Test #4/0 is started on thread #0
2019-11-27T13:37:18.3161954+00:00:Thread#0:T:-> Loading plugin C:\Users\chris\source\repos\SwordActiveRisk\SwordActiveRisk\SwordActiveRisk_BlogVerification\bin\Debug\SpecRun.Runtime.SpecFlowPlugin.dll
2019-11-27T13:37:18.3241730+00:00:Thread#0:T:-> Using default config
2019-11-27T13:37:35.9393169+00:00:Thread#0:B:Given User is at "blog" page of SwordActiveRisk portal
2019-11-27T13:37:40.9850162+00:00:Thread#0:T:done: CommonSteps.GivenUserIsAtBlogPageOfSwordActiveRiskPortal(""blog"") (5.0s)
2019-11-27T13:37:40.9910148+00:00:Thread#0:B:When the user is on the Active Risk Blog Page
2019-11-27T13:37:42.1083743+00:00:Thread#0:T:done: BlogVerificationSteps.WhenTheUserIsOnTheActiveRiskBlogPage() (1.1s)
2019-11-27T13:37:42.1093733+00:00:Thread#0:B:Then the Blog posts By Date are displayed
2019-11-27T13:37:42.1543477+00:00:Thread#0:T:done: BlogVerificationSteps.ThenTheBlogPostsByDateAreDisplayed() (0.0s)
2019-11-27T13:37:42.1553480+00:00:Thread#0:B:When the user clicks on Blog post by date 'February 2017'
2019-11-27T13:37:44.4482310+00:00:Thread#0:T:done: BlogVerificationSteps.WhenTheUserClicksOnBlogPostByDate("February 2017") (2.3s)
2019-11-27T13:37:44.4482310+00:00:Thread#0:B:Then the active risk blog opens in a new tab
2019-11-27T13:37:52.8156556+00:00:Thread#0:T:done: BlogVerificationSteps.ThenTheActiveRiskBlogOpensInANewTab() (8.4s)
2019-11-27T13:37:52.8166570+00:00:Thread#0:B:And the list of articles are present in The Active Risk Blog
2019-11-27T13:37:52.8196530+00:00:Thread#0:T:done: BlogVerificationSteps.ThenTheListOfArticlesArePresentInTheActiveRiskBlog() (0.0s)
2019-11-27T13:37:52.8196530+00:00:Thread#0:B:And the Number of Blogs posted match the referenced numbers '2'
2019-11-27T13:37:52.8286478+00:00:Thread#0:T:done: BlogVerificationSteps.ThenTheNumberOfBlogsPostedMatchTheReferencedNumbers("2") (0.0s)
2019-11-27T13:37:52.8286478+00:00:Thread#0:B:And the user is on Active Risk Blog homepage
2019-11-27T13:37:52.8996073+00:00:Thread#0:T:done: BlogVerificationSteps.ThenTheUserIsOnActiveRiskBlogHomepage() (0.1s)
2019-11-27T13:37:52.9215941+00:00:Thread#0:Scheduler: get next test for thread 0
2019-11-27T13:37:52.9215941+00:00:Thread#:Scheduler: testitem #5 from normal test queue 
2019-11-27T13:37:52.9215941+00:00:Thread#0:Scheduler: considering testitem #5 for thread 0
2019-11-27T13:37:52.9225946+00:00:Thread#0:TestItem#5:testItemMatchesCurrentTestThread:UnSpecific
2019-11-27T13:37:52.9225946+00:00:Thread#0:TestItem#5:runsOnOneOtherThreadSpecific:False
2019-11-27T13:37:52.9225946+00:00:Thread#0:TestItem#5:runsOnOneOtherThreadUnspecific:False
2019-11-27T13:37:52.9225946+00:00:Thread#0:Scheduler: using testitem #5 for thread 0
2019-11-27T13:37:52.9225946+00:00:Thread#0:Scheduler: Test #5 is scheduled for thread
2019-11-27T13:37:52.9225946+00:00:Thread#0:Scheduler: with testItemExecutionIndex 0
2019-11-27T13:37:52.9395857+00:00:Thread#0: Test #4/0 is finished on thread #0 as Succeeded within 34.9332292 seconds
2019-11-27T13:37:52.9415825+00:00:Thread#0: Test #5/0 is started on thread #0
2019-11-27T13:37:52.9425838+00:00:Thread#0:B:Given User is at "blog" page of SwordActiveRisk portal
2019-11-27T13:37:57.5906839+00:00:Thread#0:T:done: CommonSteps.GivenUserIsAtBlogPageOfSwordActiveRiskPortal(""blog"") (4.6s)
2019-11-27T13:37:57.5906839+00:00:Thread#0:B:When the user is on the Active Risk Blog Page
2019-11-27T13:37:57.5976825+00:00:Thread#0:T:done: BlogVerificationSteps.WhenTheUserIsOnTheActiveRiskBlogPage() (0.0s)
2019-11-27T13:37:57.5976825+00:00:Thread#0:B:Then the Blog posts By Date are displayed
2019-11-27T13:37:57.7745797+00:00:Thread#0:T:done: BlogVerificationSteps.ThenTheBlogPostsByDateAreDisplayed() (0.2s)
2019-11-27T13:37:57.7745797+00:00:Thread#0:B:When the user clicks on Blog post by date 'January 2017'
2019-11-27T13:38:00.2520016+00:00:Thread#0:T:done: BlogVerificationSteps.WhenTheUserClicksOnBlogPostByDate("January 2017") (2.5s)
2019-11-27T13:38:00.2530005+00:00:Thread#0:B:Then the active risk blog opens in a new tab
2019-11-27T13:38:08.6027569+00:00:Thread#0:T:done: BlogVerificationSteps.ThenTheActiveRiskBlogOpensInANewTab() (8.3s)
2019-11-27T13:38:08.6027569+00:00:Thread#0:B:And the list of articles are present in The Active Risk Blog
2019-11-27T13:38:08.6047572+00:00:Thread#0:T:done: BlogVerificationSteps.ThenTheListOfArticlesArePresentInTheActiveRiskBlog() (0.0s)
2019-11-27T13:38:08.6057557+00:00:Thread#0:B:And the Number of Blogs posted match the referenced numbers '5'
2019-11-27T13:38:08.6467315+00:00:Thread#0:T:Number of articles are not matching with Expected Result
2019-11-27T13:38:08.6467315+00:00:Thread#0:T:done: BlogVerificationSteps.ThenTheNumberOfBlogsPostedMatchTheReferencedNumbers("5") (0.0s)
2019-11-27T13:38:08.6467315+00:00:Thread#0:B:And the user is on Active Risk Blog homepage
2019-11-27T13:38:08.7246883+00:00:Thread#0:T:done: BlogVerificationSteps.ThenTheUserIsOnActiveRiskBlogHomepage() (0.1s)
2019-11-27T13:38:08.7246883+00:00:Thread#0:Scheduler: get next test for thread 0
2019-11-27T13:38:08.7246883+00:00:Thread#:Scheduler: testitem #6 from normal test queue 
2019-11-27T13:38:08.7246883+00:00:Thread#0:Scheduler: considering testitem #6 for thread 0
2019-11-27T13:38:08.7246883+00:00:Thread#0:TestItem#6:testItemMatchesCurrentTestThread:UnSpecific
2019-11-27T13:38:08.7246883+00:00:Thread#0:TestItem#6:runsOnOneOtherThreadSpecific:False
2019-11-27T13:38:08.7246883+00:00:Thread#0:TestItem#6:runsOnOneOtherThreadUnspecific:False
2019-11-27T13:38:08.7246883+00:00:Thread#0:Scheduler: using testitem #6 for thread 0
2019-11-27T13:38:08.7246883+00:00:Thread#0:Scheduler: Test #6 is scheduled for thread
2019-11-27T13:38:08.7246883+00:00:Thread#0:Scheduler: with testItemExecutionIndex 0
2019-11-27T13:38:08.7266865+00:00:Thread#0: Test #5/0 is finished on thread #0 as Succeeded within 15.785104 seconds
2019-11-27T13:38:08.7266865+00:00:Thread#0: Test #6/0 is started on thread #0
2019-11-27T13:38:08.7276854+00:00:Thread#0:B:Given User is at "blog" page of SwordActiveRisk portal
